2026-04-29 19:50:37 - gpd_ai_companion_qna_batch - INFO - Debug mode is disabled
2026-04-29 19:50:37 - gpd_ai_companion_qna_batch - INFO - Logger configured. Log files will be saved in: C:\Users\vs134\Documents\myrepo\qna\logs
2026-04-29 19:50:37 - gpd_ai_companion_qna_batch - INFO - All required environment variables loaded successfully.
2026-04-29 19:50:38 - gpd_ai_companion_qna_batch - INFO - Processing input_type: file
2026-04-29 19:50:38 - gpd_ai_companion_qna_batch - INFO - Processing project: MIRA
2026-04-29 19:50:38 - gpd_ai_companion_qna_batch - INFO - Total records processing: 20
2026-04-29 19:50:38 - gpd_ai_companion_qna_batch - INFO - Columns in the DataFrame: ['question']
2026-04-29 19:50:38 - gpd_ai_companion_qna_batch - INFO - Batch processing started
2026-04-29 19:50:52 - gpd_ai_companion_qna_batch - INFO - topic_extraction extraction completed successfully.
2026-04-29 19:50:52 - gpd_ai_companion_qna_batch - INFO - topic_extraction extraction completed successfully.
2026-04-29 19:50:52 - gpd_ai_companion_qna_batch - INFO - topic_extraction extraction completed successfully.
2026-04-29 19:50:52 - gpd_ai_companion_qna_batch - INFO - topic_extraction extraction completed successfully.
2026-04-29 19:50:52 - gpd_ai_companion_qna_batch - INFO - topic_extraction extraction completed successfully.
2026-04-29 19:50:52 - gpd_ai_companion_qna_batch - INFO - topic_extraction extraction completed successfully.
2026-04-29 19:50:52 - gpd_ai_companion_qna_batch - INFO - topic_extraction extraction completed successfully.
2026-04-29 19:50:52 - gpd_ai_companion_qna_batch - INFO - topic_extraction extraction completed successfully.
2026-04-29 19:50:52 - gpd_ai_companion_qna_batch - INFO - topic_extraction extraction completed successfully.
2026-04-29 19:50:52 - gpd_ai_companion_qna_batch - INFO - topic_extraction extraction completed successfully.
2026-04-29 19:50:52 - gpd_ai_companion_qna_batch - INFO - topic_extraction extraction completed successfully.
2026-04-29 19:50:53 - gpd_ai_companion_qna_batch - INFO - topic_extraction extraction completed successfully.
2026-04-29 19:50:55 - gpd_ai_companion_qna_batch - INFO - sub_topic_extraction extraction completed successfully.
2026-04-29 19:50:55 - gpd_ai_companion_qna_batch - INFO - sub_topic_extraction extraction completed successfully.
2026-04-29 19:50:55 - gpd_ai_companion_qna_batch - INFO - Loaded 950 plan names from C:\Users\vs134\Documents\myrepo\qna\src\data/input/plan_names.csv
2026-04-29 19:50:55 - gpd_ai_companion_qna_batch - INFO - Plan name no match above threshold: 'Medica Prime Solution' (keeping as-is)
2026-04-29 19:51:03 - gpd_ai_companion_qna_batch - INFO - is_useful_extraction extraction completed successfully.
2026-04-29 19:51:03 - gpd_ai_companion_qna_batch - INFO - Processed 1/20 rows (5.00%)
2026-04-29 19:51:03 - gpd_ai_companion_qna_batch - INFO - sub_topic_extraction extraction completed successfully.
2026-04-29 19:51:03 - gpd_ai_companion_qna_batch - INFO - Plan name fuzzy match: 'AARP Medicare Advantage Choice Plan 1' -> 'Plan A' (score=80.0)
2026-04-29 19:51:03 - gpd_ai_companion_qna_batch - INFO - sub_topic_extraction extraction completed successfully.
2026-04-29 19:51:03 - gpd_ai_companion_qna_batch - INFO - sub_topic_extraction extraction completed successfully.
2026-04-29 19:51:03 - gpd_ai_companion_qna_batch - INFO - is_useful_extraction extraction completed successfully.
2026-04-29 19:51:03 - gpd_ai_companion_qna_batch - INFO - Processed 2/20 rows (10.00%)
2026-04-29 19:51:03 - gpd_ai_companion_qna_batch - INFO - sub_topic_extraction extraction completed successfully.
2026-04-29 19:51:03 - gpd_ai_companion_qna_batch - INFO - sub_topic_extraction extraction completed successfully.
2026-04-29 19:51:03 - gpd_ai_companion_qna_batch - INFO - sub_topic_extraction extraction completed successfully.
2026-04-29 19:51:03 - gpd_ai_companion_qna_batch - INFO - sub_topic_extraction extraction completed successfully.
2026-04-29 19:51:03 - gpd_ai_companion_qna_batch - INFO - Plan name no match above threshold: 'Wellcare Value Script' (keeping as-is)
2026-04-29 19:51:03 - gpd_ai_companion_qna_batch - INFO - sub_topic_extraction extraction completed successfully.
2026-04-29 19:51:03 - gpd_ai_companion_qna_batch - INFO - sub_topic_extraction extraction completed successfully.
2026-04-29 19:51:07 - gpd_ai_companion_qna_batch - INFO - sub_topic_extraction extraction completed successfully.
2026-04-29 19:51:07 - gpd_ai_companion_qna_batch - INFO - Plan name no match above threshold: 'UnitedHealthcare Dual Complete' (keeping as-is)
2026-04-29 19:51:10 - gpd_ai_companion_qna_batch - INFO - is_useful_extraction extraction completed successfully.
2026-04-29 19:51:10 - gpd_ai_companion_qna_batch - INFO - Processed 3/20 rows (15.00%)
2026-04-29 19:51:11 - gpd_ai_companion_qna_batch - INFO - topic_extraction extraction completed successfully.
2026-04-29 19:51:12 - gpd_ai_companion_qna_batch - INFO - is_useful_extraction extraction completed successfully.
2026-04-29 19:51:12 - gpd_ai_companion_qna_batch - INFO - Processed 4/20 rows (20.00%)
2026-04-29 19:51:13 - gpd_ai_companion_qna_batch - INFO - is_useful_extraction extraction completed successfully.
2026-04-29 19:51:13 - gpd_ai_companion_qna_batch - INFO - Processed 5/20 rows (25.00%)
2026-04-29 19:51:13 - gpd_ai_companion_qna_batch - INFO - is_useful_extraction extraction completed successfully.
2026-04-29 19:51:13 - gpd_ai_companion_qna_batch - INFO - Processed 6/20 rows (30.00%)
2026-04-29 19:51:13 - gpd_ai_companion_qna_batch - INFO - is_useful_extraction extraction completed successfully.
2026-04-29 19:51:13 - gpd_ai_companion_qna_batch - INFO - Processed 7/20 rows (35.00%)
2026-04-29 19:51:13 - gpd_ai_companion_qna_batch - INFO - is_useful_extraction extraction completed successfully.
2026-04-29 19:51:13 - gpd_ai_companion_qna_batch - INFO - Processed 8/20 rows (40.00%)
2026-04-29 19:51:13 - gpd_ai_companion_qna_batch - INFO - is_useful_extraction extraction completed successfully.
2026-04-29 19:51:13 - gpd_ai_companion_qna_batch - INFO - Processed 9/20 rows (45.00%)
2026-04-29 19:51:13 - gpd_ai_companion_qna_batch - INFO - is_useful_extraction extraction completed successfully.
2026-04-29 19:51:13 - gpd_ai_companion_qna_batch - INFO - Processed 10/20 rows (50.00%)
2026-04-29 19:51:13 - gpd_ai_companion_qna_batch - INFO - is_useful_extraction extraction completed successfully.
2026-04-29 19:51:13 - gpd_ai_companion_qna_batch - INFO - Processed 11/20 rows (55.00%)
2026-04-29 19:51:13 - gpd_ai_companion_qna_batch - INFO - is_useful_extraction extraction completed successfully.
2026-04-29 19:51:13 - gpd_ai_companion_qna_batch - INFO - Processed 12/20 rows (60.00%)
2026-04-29 19:51:14 - gpd_ai_companion_qna_batch - INFO - topic_extraction extraction completed successfully.
2026-04-29 19:51:14 - gpd_ai_companion_qna_batch - INFO - topic_extraction extraction completed successfully.
2026-04-29 19:51:15 - gpd_ai_companion_qna_batch - INFO - sub_topic_extraction extraction completed successfully.
2026-04-29 19:51:17 - gpd_ai_companion_qna_batch - INFO - topic_extraction extraction completed successfully.
2026-04-29 19:51:20 - gpd_ai_companion_qna_batch - INFO - topic_extraction extraction completed successfully.
2026-04-29 19:51:20 - gpd_ai_companion_qna_batch - INFO - is_useful_extraction extraction completed successfully.
2026-04-29 19:51:20 - gpd_ai_companion_qna_batch - INFO - Processed 13/20 rows (65.00%)
2026-04-29 19:51:21 - gpd_ai_companion_qna_batch - INFO - topic_extraction extraction completed successfully.
2026-04-29 19:51:21 - gpd_ai_companion_qna_batch - INFO - topic_extraction extraction completed successfully.
2026-04-29 19:51:21 - gpd_ai_companion_qna_batch - INFO - sub_topic_extraction extraction completed successfully.
2026-04-29 19:51:21 - gpd_ai_companion_qna_batch - INFO - sub_topic_extraction extraction completed successfully.
2026-04-29 19:51:21 - gpd_ai_companion_qna_batch - INFO - sub_topic_extraction extraction completed successfully.
2026-04-29 19:51:22 - gpd_ai_companion_qna_batch - INFO - topic_extraction extraction completed successfully.
2026-04-29 19:51:23 - gpd_ai_companion_qna_batch - INFO - sub_topic_extraction extraction completed successfully.
2026-04-29 19:51:27 - gpd_ai_companion_qna_batch - INFO - sub_topic_extraction extraction completed successfully.
2026-04-29 19:51:27 - gpd_ai_companion_qna_batch - INFO - sub_topic_extraction extraction completed successfully.
2026-04-29 19:51:27 - gpd_ai_companion_qna_batch - INFO - is_useful_extraction extraction completed successfully.
2026-04-29 19:51:27 - gpd_ai_companion_qna_batch - INFO - Processed 14/20 rows (70.00%)
2026-04-29 19:51:27 - gpd_ai_companion_qna_batch - INFO - is_useful_extraction extraction completed successfully.
2026-04-29 19:51:28 - gpd_ai_companion_qna_batch - INFO - Processed 15/20 rows (75.00%)
2026-04-29 19:51:28 - gpd_ai_companion_qna_batch - INFO - is_useful_extraction extraction completed successfully.
2026-04-29 19:51:28 - gpd_ai_companion_qna_batch - INFO - Processed 16/20 rows (80.00%)
2026-04-29 19:51:28 - gpd_ai_companion_qna_batch - INFO - is_useful_extraction extraction completed successfully.
2026-04-29 19:51:28 - gpd_ai_companion_qna_batch - INFO - Processed 17/20 rows (85.00%)
2026-04-29 19:51:28 - gpd_ai_companion_qna_batch - INFO - sub_topic_extraction extraction completed successfully.
2026-04-29 19:51:28 - gpd_ai_companion_qna_batch - INFO - Plan name fuzzy match: 'AARP Medicare Advantage from UHC FL-0021 PPO' -> 'AARP Medicare Advantage from UHC FL-0021 (PPO)' (score=97.77777777777777)
2026-04-29 19:51:31 - gpd_ai_companion_qna_batch - INFO - is_useful_extraction extraction completed successfully.
2026-04-29 19:51:31 - gpd_ai_companion_qna_batch - INFO - Processed 18/20 rows (90.00%)
2026-04-29 19:51:32 - gpd_ai_companion_qna_batch - INFO - is_useful_extraction extraction completed successfully.
2026-04-29 19:51:32 - gpd_ai_companion_qna_batch - INFO - Processed 19/20 rows (95.00%)
2026-04-29 19:51:36 - gpd_ai_companion_qna_batch - INFO - is_useful_extraction extraction completed successfully.
2026-04-29 19:51:36 - gpd_ai_companion_qna_batch - INFO - Processed 20/20 rows (100.00%)
2026-04-29 19:51:36 - gpd_ai_companion_qna_batch - INFO - Total rows in dataframe: 20
2026-04-29 19:51:36 - gpd_ai_companion_qna_batch - INFO - batch QnA metadata processed
2026-04-29 19:51:36 - gpd_ai_companion_qna_batch - INFO - Total run time: 0.96 minutes
